 
****************************************
Report : area
Design : msrv32_alu
Version: T-2022.03-SP4
Date   : Wed Apr 23 21:56:43 2025
****************************************

Information: Updating design information... (UID-85)
Library(s) Used:

    saed32lvt_ss0p95v125c (File: /home1/PD08/Vaishnavii/VLSI_PD/Main_Project_RISC_V/ref/DBs/saed32lvt_ss0p95v125c.db)

Number of ports:                          100
Number of nets:                           972
Number of cells:                          904
Number of combinational cells:            904
Number of sequential cells:                 0
Number of macros/black boxes:               0
Number of buf/inv:                        150
Number of references:                      37

Combinational area:               2139.638342
Buf/Inv area:                      206.110784
Noncombinational area:               0.000000
Macro/Black Box area:                0.000000
Net Interconnect area:      undefined  (Wire load has zero net area)

Total cell area:                  2139.638342
Total area:                 undefined
1
