 
****************************************
Report : timing
        -path full
        -delay max
        -max_paths 1
Design : msrv32_machine_control
Version: T-2022.03-SP4
Date   : Wed Apr 23 22:21:45 2025
****************************************

 * Some/all delay information is back-annotated.

Operating Conditions: ss0p95v125c   Library: saed32lvt_ss0p95v125c
Wire Load Model Mode: Inactive.

  Startpoint: curr_state_reg[0]
              (rising edge-triggered flip-flop clocked by clk)
  Endpoint: cause_out_reg[3]
            (rising edge-triggered flip-flop clocked by clk)
  Path Group: clk
  Path Type: max

  Point                                    Incr       Path
  -----------------------------------------------------------
  clock clk (rise edge)                    0.00       0.00
  clock network delay (ideal)              0.00       0.00
  curr_state_reg[0]/CLK (DFFX1_LVT)        0.00       0.00 r
  curr_state_reg[0]/Q (DFFX1_LVT)          0.11       0.11 f
  U76/Y (INVX1_LVT)                        0.04 *     0.15 r
  U111/Y (NAND4X0_LVT)                     0.08 *     0.24 f
  U112/Y (NAND3X0_LVT)                     0.09 *     0.32 r
  U113/Y (NOR3X0_LVT)                      0.08 *     0.40 f
  U118/Y (NAND2X0_LVT)                     0.06 *     0.46 r
  U121/Y (OA21X1_LVT)                      0.06 *     0.52 r
  U125/Y (NAND4X0_LVT)                     0.12 *     0.64 f
  U126/Y (INVX1_LVT)                       0.10 *     0.74 r
  U127/Y (MUX21X1_LVT)                     0.11 *     0.85 f
  cause_out_reg[3]/D (DFFX1_LVT)           0.00 *     0.85 f
  data arrival time                                   0.85

  clock clk (rise edge)                   10.00      10.00
  clock network delay (ideal)              0.00      10.00
  cause_out_reg[3]/CLK (DFFX1_LVT)         0.00      10.00 r
  library setup time                      -0.04       9.96
  data required time                                  9.96
  -----------------------------------------------------------
  data required time                                  9.96
  data arrival time                                  -0.85
  -----------------------------------------------------------
  slack (MET)                                         9.11


1
