 
****************************************
Report : area
Design : msrv32_machine_control
Version: T-2022.03-SP4
Date   : Wed Apr 23 22:20:23 2025
****************************************

Information: Updating design information... (UID-85)
Library(s) Used:

    saed32lvt_ss0p95v125c (File: /home1/PD08/Vaishnavii/VLSI_PD/Main_Project_RISC_V/ref/DBs/saed32lvt_ss0p95v125c.db)

Number of ports:                           61
Number of nets:                           133
Number of cells:                           84
Number of combinational cells:             74
Number of sequential cells:                10
Number of macros/black boxes:               0
Number of buf/inv:                         18
Number of references:                      25

Combinational area:                159.602432
Buf/Inv area:                       26.685120
Noncombinational area:              66.077442
Macro/Black Box area:                0.000000
Net Interconnect area:      undefined  (Wire load has zero net area)

Total cell area:                   225.679874
Total area:                 undefined
1
