/home/cad/eda/SYNOPSYS/Design_compiler/syn/T-2022.03-SP4/auxx/gui/dv/dv_setup.tcl
/home/cad/eda/SYNOPSYS/Design_compiler/syn/T-2022.03-SP4/auxx/gui/syn/snpsSynProcs.tcl
/home/cad/eda/SYNOPSYS/Design_compiler/syn/T-2022.03-SP4/auxx/gui/syn/layout/pkgIndex.tcl
/home/cad/eda/SYNOPSYS/Design_compiler/syn/T-2022.03-SP4/auxx/gui/common/3dic/pkgIndex.tcl
/home/cad/eda/SYNOPSYS/Design_compiler/syn/T-2022.03-SP4/auxx/gui/common/3dlayout/pkgIndex.tcl
/home/cad/eda/SYNOPSYS/Design_compiler/syn/T-2022.03-SP4/auxx/gui/common/3dmodel/pkgIndex.tcl
/home/cad/eda/SYNOPSYS/Design_compiler/syn/T-2022.03-SP4/auxx/gui/common/WindowFrameWork/pkgIndex.tcl
/home/cad/eda/SYNOPSYS/Design_compiler/syn/T-2022.03-SP4/auxx/gui/common/acg/pkgIndex.tcl
/home/cad/eda/SYNOPSYS/Design_compiler/syn/T-2022.03-SP4/auxx/gui/common/commandform/pkgIndex.tcl
/home/cad/eda/SYNOPSYS/Design_compiler/syn/T-2022.03-SP4/auxx/gui/common/dialogs/pkgIndex.tcl
/home/cad/eda/SYNOPSYS/Design_compiler/syn/T-2022.03-SP4/auxx/gui/common/docBrowser/pkgIndex.tcl
/home/cad/eda/SYNOPSYS/Design_compiler/syn/T-2022.03-SP4/auxx/gui/common/hierAttrView/pkgIndex.tcl
/home/cad/eda/SYNOPSYS/Design_compiler/syn/T-2022.03-SP4/auxx/gui/common/hierarchy/pkgIndex.tcl
/home/cad/eda/SYNOPSYS/Design_compiler/syn/T-2022.03-SP4/auxx/gui/common/highlight/pkgIndex.tcl
/home/cad/eda/SYNOPSYS/Design_compiler/syn/T-2022.03-SP4/auxx/gui/common/histogram/pkgIndex.tcl
/home/cad/eda/SYNOPSYS/Design_compiler/syn/T-2022.03-SP4/auxx/gui/common/layout/pkgIndex.tcl
/home/cad/eda/SYNOPSYS/Design_compiler/syn/T-2022.03-SP4/auxx/gui/common/libviewer/pkgIndex.tcl
/home/cad/eda/SYNOPSYS/Design_compiler/syn/T-2022.03-SP4/auxx/gui/common/menus/pkgIndex.tcl
/home/cad/eda/SYNOPSYS/Design_compiler/syn/T-2022.03-SP4/auxx/gui/common/misc/pkgIndex.tcl
/home/cad/eda/SYNOPSYS/Design_compiler/syn/T-2022.03-SP4/auxx/gui/common/mrupalette/pkgIndex.tcl
/home/cad/eda/SYNOPSYS/Design_compiler/syn/T-2022.03-SP4/auxx/gui/common/opdlg/pkgIndex.tcl
/home/cad/eda/SYNOPSYS/Design_compiler/syn/T-2022.03-SP4/auxx/gui/common/palettegroup/pkgIndex.tcl
/home/cad/eda/SYNOPSYS/Design_compiler/syn/T-2022.03-SP4/auxx/gui/common/propertyEditor/pkgIndex.tcl
/home/cad/eda/SYNOPSYS/Design_compiler/syn/T-2022.03-SP4/auxx/gui/common/qtcl/pkgIndex.tcl
/home/cad/eda/SYNOPSYS/Design_compiler/syn/T-2022.03-SP4/auxx/gui/common/regressionToolkit/pkgIndex.tcl
/home/cad/eda/SYNOPSYS/Design_compiler/syn/T-2022.03-SP4/auxx/gui/common/rtlxref/pkgIndex.tcl
/home/cad/eda/SYNOPSYS/Design_compiler/syn/T-2022.03-SP4/auxx/gui/common/schematic/pkgIndex.tcl
/home/cad/eda/SYNOPSYS/Design_compiler/syn/T-2022.03-SP4/auxx/gui/common/select/pkgIndex.tcl
/home/cad/eda/SYNOPSYS/Design_compiler/syn/T-2022.03-SP4/auxx/gui/common/setup/pkgIndex.tcl
/home/cad/eda/SYNOPSYS/Design_compiler/syn/T-2022.03-SP4/auxx/gui/common/strokes/pkgIndex.tcl
/home/cad/eda/SYNOPSYS/Design_compiler/syn/T-2022.03-SP4/auxx/gui/common/table/pkgIndex.tcl
/home/cad/eda/SYNOPSYS/Design_compiler/syn/T-2022.03-SP4/auxx/gui/common/taskassistant/pkgIndex.tcl
/home/cad/eda/SYNOPSYS/Design_compiler/syn/T-2022.03-SP4/auxx/gui/common/tcl-dp/pkgIndex.tcl
/home/cad/eda/SYNOPSYS/Design_compiler/syn/T-2022.03-SP4/auxx/gui/common/tiledview/pkgIndex.tcl
/home/cad/eda/SYNOPSYS/Design_compiler/syn/T-2022.03-SP4/auxx/gui/common/timing/pkgIndex.tcl
/home/cad/eda/SYNOPSYS/Design_compiler/syn/T-2022.03-SP4/auxx/gui/common/tq/pkgIndex.tcl
/home/cad/eda/SYNOPSYS/Design_compiler/syn/T-2022.03-SP4/auxx/gui/common/utable/pkgIndex.tcl
/home/cad/eda/SYNOPSYS/Design_compiler/syn/T-2022.03-SP4/auxx/gui/common/view/pkgIndex.tcl
/home/cad/eda/SYNOPSYS/Design_compiler/syn/T-2022.03-SP4/auxx/gui/dv/pkgIndex.tcl
/home/cad/eda/SYNOPSYS/Design_compiler/syn/T-2022.03-SP4/auxx/syn/lib/pkgIndex.tcl
/home/cad/eda/SYNOPSYS/Design_compiler/syn/T-2022.03-SP4/auxx/tcllib/lib/itcl4.2.1/pkgIndex.tcl
/home/cad/eda/SYNOPSYS/Design_compiler/syn/T-2022.03-SP4/auxx/tcllib/lib/iwidgets4.1/pkgIndex.tcl
/home/cad/eda/SYNOPSYS/Design_compiler/syn/T-2022.03-SP4/auxx/tcllib/snps_tcl/snpsTclPro/pkgIndex.tcl
/home/cad/eda/SYNOPSYS/Design_compiler/syn/T-2022.03-SP4/auxx/tcllib/snps_tcl/snpsTest/pkgIndex.tcl
/home/cad/eda/SYNOPSYS/Design_compiler/syn/T-2022.03-SP4/auxx/tcllib/snps_tcl/snpsUtils/pkgIndex.tcl
/home/cad/eda/SYNOPSYS/Design_compiler/syn/T-2022.03-SP4/auxx/tcllib/snps_tcl/pkgIndex.tcl
/home/cad/eda/SYNOPSYS/Design_compiler/syn/T-2022.03-SP4/auxx/tcllib/lib/tcl8.6/dde/pkgIndex.tcl
/home/cad/eda/SYNOPSYS/Design_compiler/syn/T-2022.03-SP4/auxx/tcllib/lib/tcl8.6/http/pkgIndex.tcl
/home/cad/eda/SYNOPSYS/Design_compiler/syn/T-2022.03-SP4/auxx/tcllib/lib/tcl8.6/http1.0/pkgIndex.tcl
/home/cad/eda/SYNOPSYS/Design_compiler/syn/T-2022.03-SP4/auxx/tcllib/lib/tcl8.6/msgcat/pkgIndex.tcl
/home/cad/eda/SYNOPSYS/Design_compiler/syn/T-2022.03-SP4/auxx/tcllib/lib/tcl8.6/opt/pkgIndex.tcl
/home/cad/eda/SYNOPSYS/Design_compiler/syn/T-2022.03-SP4/auxx/tcllib/lib/tcl8.6/platform/pkgIndex.tcl
/home/cad/eda/SYNOPSYS/Design_compiler/syn/T-2022.03-SP4/auxx/tcllib/lib/tcl8.6/reg/pkgIndex.tcl
/home/cad/eda/SYNOPSYS/Design_compiler/syn/T-2022.03-SP4/auxx/tcllib/lib/tcl8.6/tcltest/pkgIndex.tcl
/home/cad/eda/SYNOPSYS/Design_compiler/syn/T-2022.03-SP4/auxx/gui/common/setup/snpsCommonSetup.tcl
/home/cad/eda/SYNOPSYS/Design_compiler/syn/T-2022.03-SP4/auxx/gui/common/setup/snpsCustomize.tcl
/home/cad/eda/SYNOPSYS/Design_compiler/syn/T-2022.03-SP4/auxx/gui/common/setup/snpsProcheck.tcl
/home/cad/eda/SYNOPSYS/Design_compiler/syn/T-2022.03-SP4/auxx/gui/common/misc/base.tcl
/home/cad/eda/SYNOPSYS/Design_compiler/syn/T-2022.03-SP4/auxx/gui/common/misc/timing.tcl
/home/cad/eda/SYNOPSYS/Design_compiler/syn/T-2022.03-SP4/auxx/gui/common/misc/setting.tcl
/home/cad/eda/SYNOPSYS/Design_compiler/syn/T-2022.03-SP4/auxx/gui/common/misc/preset.tcl
/home/cad/eda/SYNOPSYS/Design_compiler/syn/T-2022.03-SP4/auxx/gui/common/WindowFrameWork/windowFrameWork.tcl
/home/cad/eda/SYNOPSYS/Design_compiler/syn/T-2022.03-SP4/auxx/gui/common/WindowFrameWork/skipBusyCursorCmdList.tcl
/home/cad/eda/SYNOPSYS/Design_compiler/syn/T-2022.03-SP4/auxx/gui/common/qtcl/.synopsys_qtcl.tcl
/home/cad/eda/SYNOPSYS/Design_compiler/syn/T-2022.03-SP4/auxx/gui/common/highlight/highlight.tcl
/home/cad/eda/SYNOPSYS/Design_compiler/syn/T-2022.03-SP4/auxx/gui/common/palettegroup/palettegroup.tcl
/home/cad/eda/SYNOPSYS/Design_compiler/syn/T-2022.03-SP4/auxx/gui/common/commandform/commandform.tcl
/home/cad/eda/SYNOPSYS/Design_compiler/syn/T-2022.03-SP4/auxx/gui/common/tiledview/tiledview.tcl
/home/cad/eda/SYNOPSYS/Design_compiler/syn/T-2022.03-SP4/auxx/gui/common/docBrowser/docBrowser.tcl
/home/cad/eda/SYNOPSYS/Design_compiler/syn/T-2022.03-SP4/auxx/tcllib/snps_tcl/snpsUtils/snpsUtils.tcl
/home/cad/eda/SYNOPSYS/Design_compiler/syn/T-2022.03-SP4/auxx/gui/common/dialogs/ObjectChooser.tcl
/home/cad/eda/SYNOPSYS/Design_compiler/syn/T-2022.03-SP4/auxx/gui/common/misc/DialogObjectChooser.tcl
/home/cad/eda/SYNOPSYS/Design_compiler/syn/T-2022.03-SP4/auxx/gui/common/dialogs/HistBinInformation.tcl
/home/cad/eda/SYNOPSYS/Design_compiler/syn/T-2022.03-SP4/auxx/gui/common/dialogs/HistBin1Information.tcl
/home/cad/eda/SYNOPSYS/Design_compiler/syn/T-2022.03-SP4/auxx/gui/common/dialogs/BinsOnlyInformation.tcl
/home/cad/eda/SYNOPSYS/Design_compiler/syn/T-2022.03-SP4/auxx/gui/common/dialogs/FileChooser.tcl
/home/cad/eda/SYNOPSYS/Design_compiler/syn/T-2022.03-SP4/auxx/gui/common/dialogs/PathPinSimpleInfo.tcl
/home/cad/eda/SYNOPSYS/Design_compiler/syn/T-2022.03-SP4/auxx/gui/common/dialogs/PathsBasicInfo.tcl
/home/cad/eda/SYNOPSYS/Design_compiler/syn/T-2022.03-SP4/auxx/gui/common/dialogs/PathsBasicSimpleInfo.tcl
/home/cad/eda/SYNOPSYS/Design_compiler/syn/T-2022.03-SP4/auxx/gui/common/dialogs/SlctOperationInfo.tcl
/home/cad/eda/SYNOPSYS/Design_compiler/syn/T-2022.03-SP4/auxx/gui/common/dialogs/ObjectListInfo.tcl
/home/cad/eda/SYNOPSYS/Design_compiler/syn/T-2022.03-SP4/auxx/gui/common/dialogs/FanInOutInfo.tcl
/home/cad/eda/SYNOPSYS/Design_compiler/syn/T-2022.03-SP4/auxx/gui/common/dialogs/NumberOfLevelsChooser.tcl
/home/cad/eda/SYNOPSYS/Design_compiler/syn/T-2022.03-SP4/auxx/gui/common/dialogs/WindowReuseInfo.tcl
/home/cad/eda/SYNOPSYS/Design_compiler/syn/T-2022.03-SP4/auxx/gui/common/dialogs/ReportOutputOptionInfo.tcl
/home/cad/eda/SYNOPSYS/Design_compiler/syn/T-2022.03-SP4/auxx/gui/common/setup/snpsCollections.tcl
/home/cad/eda/SYNOPSYS/Design_compiler/syn/T-2022.03-SP4/auxx/gui/common/dialogs/CompileLinkDesign.tcl
/home/cad/eda/SYNOPSYS/Design_compiler/syn/T-2022.03-SP4/auxx/gui/common/histogram/base.tcl
/home/cad/eda/SYNOPSYS/Design_compiler/syn/T-2022.03-SP4/auxx/gui/common/histogram/DialogNetCapacitance.tcl
/home/cad/eda/SYNOPSYS/Design_compiler/syn/T-2022.03-SP4/auxx/gui/common/schematic/DialogPathSchematicFanInOut.tcl
/home/cad/eda/SYNOPSYS/Design_compiler/syn/T-2022.03-SP4/auxx/gui/common/schematic/DialogPathSchematicAddPaths.tcl
/home/cad/eda/SYNOPSYS/Design_compiler/syn/T-2022.03-SP4/auxx/gui/common/layout/preferences.tcl
/home/cad/eda/SYNOPSYS/Design_compiler/syn/T-2022.03-SP4/auxx/gui/common/utable/utable_top.tcl
/home/cad/eda/SYNOPSYS/Design_compiler/syn/T-2022.03-SP4/auxx/gui/common/utable/utable.tcl
/home/cad/eda/SYNOPSYS/Design_compiler/syn/T-2022.03-SP4/auxx/gui/common/rtlxref/rtlxref.tcl
/home/cad/eda/SYNOPSYS/Design_compiler/syn/T-2022.03-SP4/auxx/gui/common/misc/viewmgr.tcl
/home/cad/eda/SYNOPSYS/Design_compiler/syn/T-2022.03-SP4/auxx/gui/common/utable/utable_timing.tcl
/home/cad/eda/SYNOPSYS/Design_compiler/syn/T-2022.03-SP4/auxx/tcllib/lib/tk8.6/tk.tcl
/home/cad/eda/SYNOPSYS/Design_compiler/syn/T-2022.03-SP4/auxx/tcllib/lib/tcl8.6/msgcat/msgcat.tcl
/home/cad/eda/SYNOPSYS/Design_compiler/syn/T-2022.03-SP4/auxx/tcllib/lib/tk8.6/icons.tcl
/home/cad/eda/SYNOPSYS/Design_compiler/syn/T-2022.03-SP4/auxx/tcllib/lib/tk8.6/button.tcl
/home/cad/eda/SYNOPSYS/Design_compiler/syn/T-2022.03-SP4/auxx/tcllib/lib/tk8.6/entry.tcl
/home/cad/eda/SYNOPSYS/Design_compiler/syn/T-2022.03-SP4/auxx/tcllib/lib/tk8.6/listbox.tcl
/home/cad/eda/SYNOPSYS/Design_compiler/syn/T-2022.03-SP4/auxx/tcllib/lib/tk8.6/menu.tcl
/home/cad/eda/SYNOPSYS/Design_compiler/syn/T-2022.03-SP4/auxx/tcllib/lib/tk8.6/panedwindow.tcl
/home/cad/eda/SYNOPSYS/Design_compiler/syn/T-2022.03-SP4/auxx/tcllib/lib/tk8.6/scale.tcl
/home/cad/eda/SYNOPSYS/Design_compiler/syn/T-2022.03-SP4/auxx/tcllib/lib/tk8.6/scrlbar.tcl
/home/cad/eda/SYNOPSYS/Design_compiler/syn/T-2022.03-SP4/auxx/tcllib/lib/tk8.6/spinbox.tcl
/home/cad/eda/SYNOPSYS/Design_compiler/syn/T-2022.03-SP4/auxx/tcllib/lib/tk8.6/text.tcl
/home/cad/eda/SYNOPSYS/Design_compiler/syn/T-2022.03-SP4/auxx/tcllib/lib/tk8.6/ttk/ttk.tcl
/home/cad/eda/SYNOPSYS/Design_compiler/syn/T-2022.03-SP4/auxx/tcllib/lib/tk8.6/ttk/fonts.tcl
/home/cad/eda/SYNOPSYS/Design_compiler/syn/T-2022.03-SP4/auxx/tcllib/lib/tk8.6/ttk/cursors.tcl
/home/cad/eda/SYNOPSYS/Design_compiler/syn/T-2022.03-SP4/auxx/tcllib/lib/tk8.6/ttk/utils.tcl
/home/cad/eda/SYNOPSYS/Design_compiler/syn/T-2022.03-SP4/auxx/tcllib/lib/tk8.6/ttk/button.tcl
/home/cad/eda/SYNOPSYS/Design_compiler/syn/T-2022.03-SP4/auxx/tcllib/lib/tk8.6/ttk/menubutton.tcl
/home/cad/eda/SYNOPSYS/Design_compiler/syn/T-2022.03-SP4/auxx/tcllib/lib/tk8.6/ttk/scrollbar.tcl
/home/cad/eda/SYNOPSYS/Design_compiler/syn/T-2022.03-SP4/auxx/tcllib/lib/tk8.6/ttk/scale.tcl
/home/cad/eda/SYNOPSYS/Design_compiler/syn/T-2022.03-SP4/auxx/tcllib/lib/tk8.6/ttk/progress.tcl
/home/cad/eda/SYNOPSYS/Design_compiler/syn/T-2022.03-SP4/auxx/tcllib/lib/tk8.6/ttk/notebook.tcl
/home/cad/eda/SYNOPSYS/Design_compiler/syn/T-2022.03-SP4/auxx/tcllib/lib/tk8.6/ttk/panedwindow.tcl
/home/cad/eda/SYNOPSYS/Design_compiler/syn/T-2022.03-SP4/auxx/tcllib/lib/tk8.6/ttk/entry.tcl
/home/cad/eda/SYNOPSYS/Design_compiler/syn/T-2022.03-SP4/auxx/tcllib/lib/tk8.6/ttk/combobox.tcl
/home/cad/eda/SYNOPSYS/Design_compiler/syn/T-2022.03-SP4/auxx/tcllib/lib/tk8.6/ttk/spinbox.tcl
/home/cad/eda/SYNOPSYS/Design_compiler/syn/T-2022.03-SP4/auxx/tcllib/lib/tk8.6/ttk/treeview.tcl
/home/cad/eda/SYNOPSYS/Design_compiler/syn/T-2022.03-SP4/auxx/tcllib/lib/tk8.6/ttk/sizegrip.tcl
/home/cad/eda/SYNOPSYS/Design_compiler/syn/T-2022.03-SP4/auxx/tcllib/lib/tk8.6/ttk/defaults.tcl
/home/cad/eda/SYNOPSYS/Design_compiler/syn/T-2022.03-SP4/auxx/tcllib/lib/tk8.6/ttk/classicTheme.tcl
/home/cad/eda/SYNOPSYS/Design_compiler/syn/T-2022.03-SP4/auxx/tcllib/lib/tk8.6/ttk/altTheme.tcl
/home/cad/eda/SYNOPSYS/Design_compiler/syn/T-2022.03-SP4/auxx/tcllib/lib/tk8.6/ttk/clamTheme.tcl
/home/cad/eda/SYNOPSYS/Design_compiler/syn/T-2022.03-SP4/auxx/tcllib/lib/tix8.4.3/Init.tcl
/home/cad/eda/SYNOPSYS/Design_compiler/syn/T-2022.03-SP4/auxx/tcllib/lib/tix8.4.3/fs.tcl
/home/cad/eda/SYNOPSYS/Design_compiler/syn/T-2022.03-SP4/auxx/tcllib/lib/tix8.4.3/Tix.tcl
/home/cad/eda/SYNOPSYS/Design_compiler/syn/T-2022.03-SP4/auxx/tcllib/lib/tix8.4.3/Event.tcl
/home/cad/eda/SYNOPSYS/Design_compiler/syn/T-2022.03-SP4/auxx/tcllib/lib/tix8.4.3/Balloon.tcl
/home/cad/eda/SYNOPSYS/Design_compiler/syn/T-2022.03-SP4/auxx/tcllib/lib/tix8.4.3/BtnBox.tcl
/home/cad/eda/SYNOPSYS/Design_compiler/syn/T-2022.03-SP4/auxx/tcllib/lib/tix8.4.3/CObjView.tcl
/home/cad/eda/SYNOPSYS/Design_compiler/syn/T-2022.03-SP4/auxx/tcllib/lib/tix8.4.3/ChkList.tcl
/home/cad/eda/SYNOPSYS/Design_compiler/syn/T-2022.03-SP4/auxx/tcllib/lib/tix8.4.3/ComboBox.tcl
/home/cad/eda/SYNOPSYS/Design_compiler/syn/T-2022.03-SP4/auxx/tcllib/lib/tk8.6/unsupported.tcl
/home/cad/eda/SYNOPSYS/Design_compiler/syn/T-2022.03-SP4/auxx/tcllib/lib/tix8.4.3/Compat.tcl
/home/cad/eda/SYNOPSYS/Design_compiler/syn/T-2022.03-SP4/auxx/tcllib/lib/tix8.4.3/Console.tcl
/home/cad/eda/SYNOPSYS/Design_compiler/syn/T-2022.03-SP4/auxx/tcllib/lib/tix8.4.3/Control.tcl
/home/cad/eda/SYNOPSYS/Design_compiler/syn/T-2022.03-SP4/auxx/tcllib/lib/tix8.4.3/DefSchm.tcl
/home/cad/eda/SYNOPSYS/Design_compiler/syn/T-2022.03-SP4/auxx/tcllib/lib/tix8.4.3/DialogS.tcl
/home/cad/eda/SYNOPSYS/Design_compiler/syn/T-2022.03-SP4/auxx/tcllib/lib/tix8.4.3/DirBox.tcl
/home/cad/eda/SYNOPSYS/Design_compiler/syn/T-2022.03-SP4/auxx/tcllib/lib/tix8.4.3/DirDlg.tcl
/home/cad/eda/SYNOPSYS/Design_compiler/syn/T-2022.03-SP4/auxx/tcllib/lib/tix8.4.3/DirList.tcl
/home/cad/eda/SYNOPSYS/Design_compiler/syn/T-2022.03-SP4/auxx/tcllib/lib/tix8.4.3/DirTree.tcl
/home/cad/eda/SYNOPSYS/Design_compiler/syn/T-2022.03-SP4/auxx/tcllib/lib/tix8.4.3/DragDrop.tcl
/home/cad/eda/SYNOPSYS/Design_compiler/syn/T-2022.03-SP4/auxx/tcllib/lib/tix8.4.3/DtlList.tcl
/home/cad/eda/SYNOPSYS/Design_compiler/syn/T-2022.03-SP4/auxx/tcllib/lib/tix8.4.3/EFileBox.tcl
/home/cad/eda/SYNOPSYS/Design_compiler/syn/T-2022.03-SP4/auxx/tcllib/lib/tix8.4.3/EFileDlg.tcl
/home/cad/eda/SYNOPSYS/Design_compiler/syn/T-2022.03-SP4/auxx/tcllib/lib/tix8.4.3/FileBox.tcl
/home/cad/eda/SYNOPSYS/Design_compiler/syn/T-2022.03-SP4/auxx/tcllib/lib/tix8.4.3/FileCbx.tcl
/home/cad/eda/SYNOPSYS/Design_compiler/syn/T-2022.03-SP4/auxx/tcllib/lib/tix8.4.3/FileDlg.tcl
/home/cad/eda/SYNOPSYS/Design_compiler/syn/T-2022.03-SP4/auxx/tcllib/lib/tix8.4.3/FileEnt.tcl
/home/cad/eda/SYNOPSYS/Design_compiler/syn/T-2022.03-SP4/auxx/tcllib/lib/tix8.4.3/FloatEnt.tcl
/home/cad/eda/SYNOPSYS/Design_compiler/syn/T-2022.03-SP4/auxx/tcllib/lib/tix8.4.3/Grid.tcl
/home/cad/eda/SYNOPSYS/Design_compiler/syn/T-2022.03-SP4/auxx/tcllib/lib/tix8.4.3/HList.tcl
/home/cad/eda/SYNOPSYS/Design_compiler/syn/T-2022.03-SP4/auxx/tcllib/lib/tix8.4.3/HListDD.tcl
/home/cad/eda/SYNOPSYS/Design_compiler/syn/T-2022.03-SP4/auxx/tcllib/lib/tix8.4.3/IconView.tcl
/home/cad/eda/SYNOPSYS/Design_compiler/syn/T-2022.03-SP4/auxx/tcllib/lib/tix8.4.3/LabEntry.tcl
/home/cad/eda/SYNOPSYS/Design_compiler/syn/T-2022.03-SP4/auxx/tcllib/lib/tix8.4.3/LabFrame.tcl
/home/cad/eda/SYNOPSYS/Design_compiler/syn/T-2022.03-SP4/auxx/tcllib/lib/tix8.4.3/LabWidg.tcl
/home/cad/eda/SYNOPSYS/Design_compiler/syn/T-2022.03-SP4/auxx/tcllib/lib/tix8.4.3/ListNBk.tcl
/home/cad/eda/SYNOPSYS/Design_compiler/syn/T-2022.03-SP4/auxx/tcllib/lib/tix8.4.3/Meter.tcl
/home/cad/eda/SYNOPSYS/Design_compiler/syn/T-2022.03-SP4/auxx/tcllib/lib/tix8.4.3/MultView.tcl
/home/cad/eda/SYNOPSYS/Design_compiler/syn/T-2022.03-SP4/auxx/tcllib/lib/tix8.4.3/NoteBook.tcl
/home/cad/eda/SYNOPSYS/Design_compiler/syn/T-2022.03-SP4/auxx/tcllib/lib/tix8.4.3/OldUtil.tcl
/home/cad/eda/SYNOPSYS/Design_compiler/syn/T-2022.03-SP4/auxx/tcllib/lib/tix8.4.3/OptMenu.tcl
/home/cad/eda/SYNOPSYS/Design_compiler/syn/T-2022.03-SP4/auxx/tcllib/lib/tix8.4.3/PanedWin.tcl
/home/cad/eda/SYNOPSYS/Design_compiler/syn/T-2022.03-SP4/auxx/tcllib/lib/tix8.4.3/PopMenu.tcl
/home/cad/eda/SYNOPSYS/Design_compiler/syn/T-2022.03-SP4/auxx/tcllib/lib/tix8.4.3/Primitiv.tcl
/home/cad/eda/SYNOPSYS/Design_compiler/syn/T-2022.03-SP4/auxx/tcllib/lib/tix8.4.3/ResizeH.tcl
/home/cad/eda/SYNOPSYS/Design_compiler/syn/T-2022.03-SP4/auxx/tcllib/lib/tix8.4.3/SGrid.tcl
/home/cad/eda/SYNOPSYS/Design_compiler/syn/T-2022.03-SP4/auxx/tcllib/lib/tix8.4.3/SHList.tcl
/home/cad/eda/SYNOPSYS/Design_compiler/syn/T-2022.03-SP4/auxx/tcllib/lib/tix8.4.3/SListBox.tcl
/home/cad/eda/SYNOPSYS/Design_compiler/syn/T-2022.03-SP4/auxx/tcllib/lib/tix8.4.3/STList.tcl
/home/cad/eda/SYNOPSYS/Design_compiler/syn/T-2022.03-SP4/auxx/tcllib/lib/tix8.4.3/SText.tcl
/home/cad/eda/SYNOPSYS/Design_compiler/syn/T-2022.03-SP4/auxx/tcllib/lib/tix8.4.3/SWidget.tcl
/home/cad/eda/SYNOPSYS/Design_compiler/syn/T-2022.03-SP4/auxx/tcllib/lib/tix8.4.3/SWindow.tcl
/home/cad/eda/SYNOPSYS/Design_compiler/syn/T-2022.03-SP4/auxx/tcllib/lib/tix8.4.3/Select.tcl
/home/cad/eda/SYNOPSYS/Design_compiler/syn/T-2022.03-SP4/auxx/tcllib/lib/tix8.4.3/Shell.tcl
/home/cad/eda/SYNOPSYS/Design_compiler/syn/T-2022.03-SP4/auxx/tcllib/lib/tix8.4.3/SimpDlg.tcl
/home/cad/eda/SYNOPSYS/Design_compiler/syn/T-2022.03-SP4/auxx/tcllib/lib/tix8.4.3/StackWin.tcl
/home/cad/eda/SYNOPSYS/Design_compiler/syn/T-2022.03-SP4/auxx/tcllib/lib/tix8.4.3/StatBar.tcl
/home/cad/eda/SYNOPSYS/Design_compiler/syn/T-2022.03-SP4/auxx/tcllib/lib/tix8.4.3/StdBBox.tcl
/home/cad/eda/SYNOPSYS/Design_compiler/syn/T-2022.03-SP4/auxx/tcllib/lib/tix8.4.3/StdShell.tcl
/home/cad/eda/SYNOPSYS/Design_compiler/syn/T-2022.03-SP4/auxx/tcllib/lib/tix8.4.3/TList.tcl
/home/cad/eda/SYNOPSYS/Design_compiler/syn/T-2022.03-SP4/auxx/tcllib/lib/tix8.4.3/Tree.tcl
/home/cad/eda/SYNOPSYS/Design_compiler/syn/T-2022.03-SP4/auxx/tcllib/lib/tix8.4.3/Utils.tcl
/home/cad/eda/SYNOPSYS/Design_compiler/syn/T-2022.03-SP4/auxx/tcllib/lib/tix8.4.3/VResize.tcl
/home/cad/eda/SYNOPSYS/Design_compiler/syn/T-2022.03-SP4/auxx/tcllib/lib/tix8.4.3/VStack.tcl
/home/cad/eda/SYNOPSYS/Design_compiler/syn/T-2022.03-SP4/auxx/tcllib/lib/tix8.4.3/VTree.tcl
/home/cad/eda/SYNOPSYS/Design_compiler/syn/T-2022.03-SP4/auxx/tcllib/lib/tix8.4.3/Variable.tcl
/home/cad/eda/SYNOPSYS/Design_compiler/syn/T-2022.03-SP4/auxx/tcllib/lib/tix8.4.3/WInfo.tcl
/home/cad/eda/SYNOPSYS/Design_compiler/syn/T-2022.03-SP4/auxx/gui/common/tq/snpsTkStyle.tcl
/home/cad/eda/SYNOPSYS/Design_compiler/syn/T-2022.03-SP4/auxx/tcllib/lib/tk8.6/palette.tcl
/home/cad/eda/SYNOPSYS/Design_compiler/syn/T-2022.03-SP4/auxx/tcllib/lib/itk4.1.0/itk.tcl
/home/cad/eda/SYNOPSYS/Design_compiler/syn/T-2022.03-SP4/auxx/tcllib/lib/iwidgets4.1/iwidgets.tcl
/home/cad/eda/SYNOPSYS/Design_compiler/syn/T-2022.03-SP4/auxx/gui/common/schematic/base.tcl
/home/cad/eda/SYNOPSYS/Design_compiler/syn/T-2022.03-SP4/auxx/gui/common/select/baseInternal.tcl
/home/cad/eda/SYNOPSYS/Design_compiler/syn/T-2022.03-SP4/auxx/gui/common/schematic/enable.tcl
/home/cad/eda/SYNOPSYS/Design_compiler/syn/T-2022.03-SP4/auxx/gui/common/schematic/netlist.tcl
/home/cad/eda/SYNOPSYS/Design_compiler/syn/T-2022.03-SP4/auxx/gui/common/schematic/method.tcl
/home/cad/eda/SYNOPSYS/Design_compiler/syn/T-2022.03-SP4/auxx/gui/common/misc/createViewType.tcl
/home/cad/eda/SYNOPSYS/Design_compiler/syn/T-2022.03-SP4/auxx/gui/common/misc/GuiMenuEnable.tcl
/home/cad/eda/SYNOPSYS/Design_compiler/syn/T-2022.03-SP4/auxx/gui/common/view/view_status.tcl
/home/cad/eda/SYNOPSYS/Design_compiler/syn/T-2022.03-SP4/auxx/gui/common/menus/base.tcl
/home/cad/eda/SYNOPSYS/Design_compiler/syn/T-2022.03-SP4/auxx/gui/common/misc/viewporthistory.tcl
/home/cad/eda/SYNOPSYS/Design_compiler/syn/T-2022.03-SP4/auxx/gui/common/misc/infotip.tcl
/home/cad/eda/SYNOPSYS/Design_compiler/syn/T-2022.03-SP4/auxx/gui/common/timing/base.tcl
/home/cad/eda/SYNOPSYS/Design_compiler/syn/T-2022.03-SP4/auxx/gui/common/acg/base.tcl
/home/cad/eda/SYNOPSYS/Design_compiler/syn/T-2022.03-SP4/auxx/gui/dv/dv_path_cat_view.tcl
/home/cad/eda/SYNOPSYS/Design_compiler/syn/T-2022.03-SP4/auxx/gui/common/table/table.tcl
/home/cad/eda/SYNOPSYS/Design_compiler/syn/T-2022.03-SP4/auxx/gui/common/table/table_internal.tcl
/home/cad/eda/SYNOPSYS/Design_compiler/syn/T-2022.03-SP4/auxx/gui/common/layout/colSrv.tcl
/home/cad/eda/SYNOPSYS/Design_compiler/syn/T-2022.03-SP4/auxx/gui/common/layout/layout.tcl
/home/cad/eda/SYNOPSYS/Design_compiler/syn/T-2022.03-SP4/auxx/gui/common/layout/snpsLayoutTools.tcl
/home/cad/eda/SYNOPSYS/Design_compiler/syn/T-2022.03-SP4/auxx/gui/common/layout/snpsMM.tcl
/home/cad/eda/SYNOPSYS/Design_compiler/syn/T-2022.03-SP4/auxx/gui/common/layout/snpsVM.tcl
/home/cad/eda/SYNOPSYS/Design_compiler/syn/T-2022.03-SP4/auxx/gui/common/layout/map_report.tcl
/home/cad/eda/SYNOPSYS/Design_compiler/syn/T-2022.03-SP4/auxx/gui/common/propertyEditor/base.tcl
/tmp/dc_shell.DeOXtm
/tmp/dc_shell.CpeiSl
/home1/PD08/Vaishnavii/VLSI_PD/Main_Project_RISC_V/DC_Synthesis/MACRO_with_clk/work/riscv_mw_macro_with_clk_mc_lib.mw
/home1/PD08/Vaishnavii/VLSI_PD/Main_Project_RISC_V/ref/tech/saed32nm_1p9m.tf
/home1/PD08/Vaishnavii/VLSI_PD/main_project_RISC_V/libs/mw_libs/saed32_io_fc
/home1/PD08/Vaishnavii/VLSI_PD/main_project_RISC_V/libs/mw_libs/saed32nm_lvt_1p9m
/home1/PD08/Vaishnavii/VLSI_PD/Main_Project_RISC_V/DC_Synthesis/MACRO_with_clk/work/riscv_mw_macro_with_clk_mc_lib.mw
/home1/PD08/Vaishnavii/VLSI_PD/main_project_RISC_V/libs/mw_libs/saed32_io_fc
/home1/PD08/Vaishnavii/VLSI_PD/main_project_RISC_V/libs/mw_libs/saed32nm_lvt_1p9m
/tmp/dc_shell.iLYWNy
/tmp/dc_shell.zKdldD
/home1/PD08/Vaishnavii/VLSI_PD/Main_Project_RISC_V/ref/tech/saed32nm_1p9m_Cmax.lv.tluplus
/home1/PD08/Vaishnavii/VLSI_PD/Main_Project_RISC_V/ref/tech/saed32nm_1p9m_Cmin.lv.tluplus
/tmp/dc_shell.eEBdeu
/tmp/dc_shell.fuXQce
/home1/PD08/Vaishnavii/VLSI_PD/Main_Project_RISC_V/DC_Synthesis/MACRO_with_clk/rtl/msrv32_machine_control.v
/home1/PD08/Vaishnavii/VLSI_PD/Main_Project_RISC_V/ref/DBs/saed32lvt_ss0p95v125c.db
/home1/PD08/Vaishnavii/VLSI_PD/Main_Project_RISC_V/ref/DBs/saed32rvt_ss0p95v125c.db
/home1/PD08/Vaishnavii/VLSI_PD/Main_Project_RISC_V/ref/DBs/saed32hvt_ss0p75v125c.db
/home1/PD08/Vaishnavii/VLSI_PD/Main_Project_RISC_V/ref/DBs/saed32sramlp_ss0p95v125c_i0p95v.db
/tmp/dc_shell.hniROw
/home/cad/eda/SYNOPSYS/Design_compiler/syn/T-2022.03-SP4/libraries/syn/gtech.db
/home/cad/eda/SYNOPSYS/Design_compiler/syn/T-2022.03-SP4/libraries/syn/standard.sldb
/home/cad/eda/SYNOPSYS/Design_compiler/syn/T-2022.03-SP4/libraries/syn/dw_foundation.sldb
/tmp/dc_shell.VBqEch
/tmp/dc_shell.KJwSud
/tmp/dc_shell.AVBOiq
/home1/PD08/Vaishnavii/VLSI_PD/Main_Project_RISC_V/DC_Synthesis/MACRO_with_clk/constraint/floorplan_constraints.pcon
/tmp/dc_shell.SaVgYM
/home1/PD08/Vaishnavii/VLSI_PD/Main_Project_RISC_V/DC_Synthesis/MACRO_with_clk/constraint/constraints_file.sdc
/tmp/dc_shell.puXNMT
/tmp/dc_shell.Rmpvyh
/home1/PD08/Vaishnavii/VLSI_PD/Main_Project_RISC_V/ref/DBs/saed32lvt_ss0p95v125c.db
/home1/PD08/Vaishnavii/VLSI_PD/Main_Project_RISC_V/ref/DBs/saed32rvt_ss0p95v125c.db
/home1/PD08/Vaishnavii/VLSI_PD/Main_Project_RISC_V/ref/DBs/saed32hvt_ss0p75v125c.db
/home1/PD08/Vaishnavii/VLSI_PD/Main_Project_RISC_V/ref/DBs/saed32sramlp_ss0p95v125c_i0p95v.db
/home1/PD08/Vaishnavii/VLSI_PD/Main_Project_RISC_V/DC_Synthesis/MACRO_with_clk/work/alib-52/saed32sramlp_ss0p95v125c_i0p95v.db.alib
/home1/PD08/Vaishnavii/VLSI_PD/Main_Project_RISC_V/DC_Synthesis/MACRO_with_clk/work/alib-52/saed32lvt_ss0p95v125c.db.alib
/home1/PD08/Vaishnavii/VLSI_PD/Main_Project_RISC_V/DC_Synthesis/MACRO_with_clk/work/alib-52/alib_analyze_libs.tcl.e
/home1/PD08/Vaishnavii/VLSI_PD/Main_Project_RISC_V/DC_Synthesis/MACRO_with_clk/work/alib-52/saed32rvt_ss0p95v125c.db.alib
/home1/PD08/Vaishnavii/VLSI_PD/Main_Project_RISC_V/DC_Synthesis/MACRO_with_clk/work/alib-52/alib_analyze_libs.tcl.e
/home1/PD08/Vaishnavii/VLSI_PD/Main_Project_RISC_V/DC_Synthesis/MACRO_with_clk/work/alib-52/saed32hvt_ss0p75v125c.db.alib
/home1/PD08/Vaishnavii/VLSI_PD/Main_Project_RISC_V/DC_Synthesis/MACRO_with_clk/work/alib-52/alib_analyze_libs.tcl.e
/home1/PD08/Vaishnavii/VLSI_PD/Main_Project_RISC_V/ref/DBs/saed32lvt_ss0p95v125c.db
/home1/PD08/Vaishnavii/VLSI_PD/Main_Project_RISC_V/ref/DBs/saed32rvt_ss0p95v125c.db
/home1/PD08/Vaishnavii/VLSI_PD/Main_Project_RISC_V/ref/DBs/saed32hvt_ss0p75v125c.db
/home1/PD08/Vaishnavii/VLSI_PD/Main_Project_RISC_V/ref/DBs/saed32sramlp_ss0p95v125c_i0p95v.db
/home1/PD08/Vaishnavii/VLSI_PD/Main_Project_RISC_V/DC_Synthesis/MACRO_with_clk/work/alib-52/saed32lvt_ss0p95v125c.db.alib
/home1/PD08/Vaishnavii/VLSI_PD/Main_Project_RISC_V/DC_Synthesis/MACRO_with_clk/work/alib-52/saed32rvt_ss0p95v125c.db.alib
/home1/PD08/Vaishnavii/VLSI_PD/Main_Project_RISC_V/DC_Synthesis/MACRO_with_clk/work/alib-52/saed32hvt_ss0p75v125c.db.alib
/home1/PD08/Vaishnavii/VLSI_PD/Main_Project_RISC_V/DC_Synthesis/MACRO_with_clk/work/alib-52/saed32sramlp_ss0p95v125c_i0p95v.db.alib
/home1/PD08/Vaishnavii/VLSI_PD/Main_Project_RISC_V/ref/DBs/saed32lvt_ss0p95v125c.db
/home1/PD08/Vaishnavii/VLSI_PD/Main_Project_RISC_V/ref/DBs/saed32rvt_ss0p95v125c.db
/home1/PD08/Vaishnavii/VLSI_PD/Main_Project_RISC_V/ref/DBs/saed32hvt_ss0p75v125c.db
/home1/PD08/Vaishnavii/VLSI_PD/Main_Project_RISC_V/ref/DBs/saed32sramlp_ss0p95v125c_i0p95v.db
/home1/PD08/Vaishnavii/VLSI_PD/Main_Project_RISC_V/ref/DBs/saed32lvt_ss0p95v125c.db
/home1/PD08/Vaishnavii/VLSI_PD/Main_Project_RISC_V/ref/DBs/saed32rvt_ss0p95v125c.db
/home1/PD08/Vaishnavii/VLSI_PD/Main_Project_RISC_V/ref/DBs/saed32hvt_ss0p75v125c.db
/home1/PD08/Vaishnavii/VLSI_PD/Main_Project_RISC_V/ref/DBs/saed32sramlp_ss0p95v125c_i0p95v.db
/home1/PD08/Vaishnavii/VLSI_PD/Main_Project_RISC_V/DC_Synthesis/MACRO_with_clk/work/alib-52/saed32lvt_ss0p95v125c.db.alib
/home1/PD08/Vaishnavii/VLSI_PD/Main_Project_RISC_V/DC_Synthesis/MACRO_with_clk/work/alib-52/saed32rvt_ss0p95v125c.db.alib
/home1/PD08/Vaishnavii/VLSI_PD/Main_Project_RISC_V/DC_Synthesis/MACRO_with_clk/work/alib-52/saed32hvt_ss0p75v125c.db.alib
/home1/PD08/Vaishnavii/VLSI_PD/Main_Project_RISC_V/DC_Synthesis/MACRO_with_clk/work/alib-52/saed32sramlp_ss0p95v125c_i0p95v.db.alib
/home1/PD08/Vaishnavii/VLSI_PD/Main_Project_RISC_V/ref/DBs/saed32lvt_ss0p95v125c.db
/home1/PD08/Vaishnavii/VLSI_PD/Main_Project_RISC_V/ref/DBs/saed32rvt_ss0p95v125c.db
/home1/PD08/Vaishnavii/VLSI_PD/Main_Project_RISC_V/ref/DBs/saed32hvt_ss0p75v125c.db
/home1/PD08/Vaishnavii/VLSI_PD/Main_Project_RISC_V/ref/DBs/saed32sramlp_ss0p95v125c_i0p95v.db
/tmp/dc_shell.MqLSYk
/tmp/dc_shell.bZnUfm
/tmp/dc_shell.bxiNEE
/tmp/dc_shell.TjxqAe
/tmp/dc_shell.deapmx
/tmp/dc_shell.bbEook
/tmp/dc_shell.nVynrW
/tmp/dc_shell.ncQOfb
/tmp/dc_shell.YVZEhs
/tmp/dc_shell.nJvlXf
/tmp/dc_shell.ltgrrK
